app/build/intermediates/manifest_merge_blame_file/developmentDebug/manifest-merger-blame-development-debug-report.txt
1<?xml version="1.0" encoding="utf-8"?>
2<manifest xmlns:android="http://schemas.android.com/apk/res/android"
3    package="com.jemoje.pnphackaton"
4    android:versionCode="1"
5    android:versionName="1.0" >
6
7    <uses-sdk
8        android:minSdkVersion="23"
8-->src\main\AndroidManifest.xml
9        android:targetSdkVersion="29" />
9-->src\main\AndroidManifest.xml
10
11    <uses-permission android:name="android.permission.INTERNET" />
11-->src\main\AndroidManifest.xml:6:5-67
11-->src\main\AndroidManifest.xml:6:22-64
12    <uses-permission android:name="android.permission.CAMERA" />
12-->src\main\AndroidManifest.xml:7:5-65
12-->src\main\AndroidManifest.xml:7:22-62
13
14    <application
14-->src\main\AndroidManifest.xml:9:5-35:19
15        android:allowBackup="true"
15-->src\main\AndroidManifest.xml:10:9-35
16        android:appComponentFactory="androidx.core.app.CoreComponentFactory"
16-->[androidx.core:core:1.1.0] AndroidManifest.xml:24:18-86
17        android:debuggable="true"
18        android:icon="@mipmap/ic_launcher"
18-->src\main\AndroidManifest.xml:11:9-43
19        android:label="@string/app_name"
19-->src\main\AndroidManifest.xml:12:9-41
20        android:roundIcon="@mipmap/ic_launcher_round"
20-->src\main\AndroidManifest.xml:13:9-54
21        android:supportsRtl="true"
21-->src\main\AndroidManifest.xml:14:9-35
22        android:testOnly="true"
23        android:theme="@style/AppTheme"
23-->src\main\AndroidManifest.xml:15:9-40
24        android:usesCleartextTraffic="true" >
24-->src\main\AndroidManifest.xml:16:9-44
25        <activity android:name="com.jemoje.pnphackaton.activities.QrStaffSuccessActivity" />
25-->src\main\AndroidManifest.xml:18:9-80
25-->src\main\AndroidManifest.xml:18:19-68
26        <activity android:name="com.jemoje.pnphackaton.activities.ScanQrStaffActivity" />
26-->src\main\AndroidManifest.xml:19:9-68
26-->src\main\AndroidManifest.xml:19:19-65
27        <activity android:name="com.jemoje.pnphackaton.activities.DisplayPlateActivity" />
27-->src\main\AndroidManifest.xml:20:9-69
27-->src\main\AndroidManifest.xml:20:19-66
28        <activity android:name="com.jemoje.pnphackaton.activities.SearchPlateNumberActivity" />
28-->src\main\AndroidManifest.xml:21:9-74
28-->src\main\AndroidManifest.xml:21:19-71
29        <activity android:name="com.jemoje.pnphackaton.activities.ScanQrActivity" />
29-->src\main\AndroidManifest.xml:22:9-63
29-->src\main\AndroidManifest.xml:22:19-60
30        <activity android:name="com.jemoje.pnphackaton.activities.LoginActivity" />
30-->src\main\AndroidManifest.xml:23:9-62
30-->src\main\AndroidManifest.xml:23:19-59
31        <activity android:name="com.jemoje.pnphackaton.activities.PoliceMenuActivity" />
31-->src\main\AndroidManifest.xml:24:9-67
31-->src\main\AndroidManifest.xml:24:19-64
32        <activity android:name="com.jemoje.pnphackaton.activities.StaffMenuActivity" />
32-->src\main\AndroidManifest.xml:25:9-66
32-->src\main\AndroidManifest.xml:25:19-63
33        <activity android:name="com.jemoje.pnphackaton.activities.MainMenuActivity" />
33-->src\main\AndroidManifest.xml:26:9-65
33-->src\main\AndroidManifest.xml:26:19-62
34        <activity android:name="com.jemoje.pnphackaton.activities.LandingActivity" />
34-->src\main\AndroidManifest.xml:27:9-64
34-->src\main\AndroidManifest.xml:27:19-61
35        <activity android:name="com.jemoje.pnphackaton.activities.SplashScreenActivity" >
35-->src\main\AndroidManifest.xml:28:9-34:20
35-->src\main\AndroidManifest.xml:28:19-66
36            <intent-filter>
36-->src\main\AndroidManifest.xml:29:13-33:29
37                <action android:name="android.intent.action.MAIN" />
37-->src\main\AndroidManifest.xml:30:17-69
37-->src\main\AndroidManifest.xml:30:25-66
38
39                <category android:name="android.intent.category.LAUNCHER" />
39-->src\main\AndroidManifest.xml:32:17-77
39-->src\main\AndroidManifest.xml:32:27-74
40            </intent-filter>
41        </activity>
42    </application>
43
44</manifest>